[overfast] Request failed (404) {"error":"Not Found"}
[overfast] Request failed (404) {"error":"Not Found"}
[overfast] Network failure Error [TimeoutError]: The operation was aborted due to timeout
    at async l (C:\Users\Windows\Desktop\overatlas\.next\server\chunks\[root-of-the-server]__0kr1j2o._.js:1:4782) {
  code: 23,
  INDEX_SIZE_ERR: 1,
  DOMSTRING_SIZE_ERR: 2,
  HIERARCHY_REQUEST_ERR: 3,
  WRONG_DOCUMENT_ERR: 4,
  INVALID_CHARACTER_ERR: 5,
  NO_DATA_ALLOWED_ERR: 6,
  NO_MODIFICATION_ALLOWED_ERR: 7,
  NOT_FOUND_ERR: 8,
  NOT_SUPPORTED_ERR: 9,
  INUSE_ATTRIBUTE_ERR: 10,
  INVALID_STATE_ERR: 11,
  SYNTAX_ERR: 12,
  INVALID_MODIFICATION_ERR: 13,
  NAMESPACE_ERR: 14,
  INVALID_ACCESS_ERR: 15,
  VALIDATION_ERR: 16,
  TYPE_MISMATCH_ERR: 17,
  SECURITY_ERR: 18,
  NETWORK_ERR: 19,
  ABORT_ERR: 20,
  URL_MISMATCH_ERR: 21,
  QUOTA_EXCEEDED_ERR: 22,
  TIMEOUT_ERR: 23,
  INVALID_NODE_TYPE_ERR: 24,
  DATA_CLONE_ERR: 25
}
[overfast] Network failure Error [TimeoutError]: The operation was aborted due to timeout
    at async l (C:\Users\Windows\Desktop\overatlas\.next\server\chunks\[root-of-the-server]__0kr1j2o._.js:1:4782) {
  code: 23,
  INDEX_SIZE_ERR: 1,
  DOMSTRING_SIZE_ERR: 2,
  HIERARCHY_REQUEST_ERR: 3,
  WRONG_DOCUMENT_ERR: 4,
  INVALID_CHARACTER_ERR: 5,
  NO_DATA_ALLOWED_ERR: 6,
  NO_MODIFICATION_ALLOWED_ERR: 7,
  NOT_FOUND_ERR: 8,
  NOT_SUPPORTED_ERR: 9,
  INUSE_ATTRIBUTE_ERR: 10,
  INVALID_STATE_ERR: 11,
  SYNTAX_ERR: 12,
  INVALID_MODIFICATION_ERR: 13,
  NAMESPACE_ERR: 14,
  INVALID_ACCESS_ERR: 15,
  VALIDATION_ERR: 16,
  TYPE_MISMATCH_ERR: 17,
  SECURITY_ERR: 18,
  NETWORK_ERR: 19,
  ABORT_ERR: 20,
  URL_MISMATCH_ERR: 21,
  QUOTA_EXCEEDED_ERR: 22,
  TIMEOUT_ERR: 23,
  INVALID_NODE_TYPE_ERR: 24,
  DATA_CLONE_ERR: 25
}
[overfast] Network failure Error [TimeoutError]: The operation was aborted due to timeout
    at async l (C:\Users\Windows\Desktop\overatlas\.next\server\chunks\[root-of-the-server]__0kr1j2o._.js:1:4782)
    at async u (C:\Users\Windows\Desktop\overatlas\.next\server\chunks\[root-of-the-server]__0kr1j2o._.js:1:5665)
    at async Object.getProfile (C:\Users\Windows\Desktop\overatlas\.next\server\chunks\[root-of-the-server]__0kr1j2o._.js:1:12841)
    at async S (C:\Users\Windows\Desktop\overatlas\.next\server\chunks\[root-of-the-server]__0kr1j2o._.js:1:13215)
    at async A (C:\Users\Windows\Desktop\overatlas\.next\server\chunks\[root-of-the-server]__0kr1j2o._.js:1:13910)
    at async R (C:\Users\Windows\Desktop\overatlas\.next\server\chunks\[root-of-the-server]__0kr1j2o._.js:1:14299)
    at async w (C:\Users\Windows\Desktop\overatlas\.next\server\chunks\[root-of-the-server]__0kr1j2o._.js:1:16045) {
  code: 23,
  INDEX_SIZE_ERR: 1,
  DOMSTRING_SIZE_ERR: 2,
  HIERARCHY_REQUEST_ERR: 3,
  WRONG_DOCUMENT_ERR: 4,
  INVALID_CHARACTER_ERR: 5,
  NO_DATA_ALLOWED_ERR: 6,
  NO_MODIFICATION_ALLOWED_ERR: 7,
  NOT_FOUND_ERR: 8,
  NOT_SUPPORTED_ERR: 9,
  INUSE_ATTRIBUTE_ERR: 10,
  INVALID_STATE_ERR: 11,
  SYNTAX_ERR: 12,
  INVALID_MODIFICATION_ERR: 13,
  NAMESPACE_ERR: 14,
  INVALID_ACCESS_ERR: 15,
  VALIDATION_ERR: 16,
  TYPE_MISMATCH_ERR: 17,
  SECURITY_ERR: 18,
  NETWORK_ERR: 19,
  ABORT_ERR: 20,
  URL_MISMATCH_ERR: 21,
  QUOTA_EXCEEDED_ERR: 22,
  TIMEOUT_ERR: 23,
  INVALID_NODE_TYPE_ERR: 24,
  DATA_CLONE_ERR: 25
}
[profile-service] Provider failed: overfast Error [OverfastApiError]: Nao foi possivel consultar a OverFast agora.
    at l (C:\Users\Windows\Desktop\overatlas\.next\server\chunks\[root-of-the-server]__0kr1j2o._.js:1:4987)
    at async u (C:\Users\Windows\Desktop\overatlas\.next\server\chunks\[root-of-the-server]__0kr1j2o._.js:1:5665)
    at async Object.getProfile (C:\Users\Windows\Desktop\overatlas\.next\server\chunks\[root-of-the-server]__0kr1j2o._.js:1:12841)
    at async S (C:\Users\Windows\Desktop\overatlas\.next\server\chunks\[root-of-the-server]__0kr1j2o._.js:1:13215)
    at async A (C:\Users\Windows\Desktop\overatlas\.next\server\chunks\[root-of-the-server]__0kr1j2o._.js:1:13910)
    at async R (C:\Users\Windows\Desktop\overatlas\.next\server\chunks\[root-of-the-server]__0kr1j2o._.js:1:14299)
    at async w (C:\Users\Windows\Desktop\overatlas\.next\server\chunks\[root-of-the-server]__0kr1j2o._.js:1:16045) {
  status: 503,
  code: 'upstream_error'
}
[overfast] Request failed (404) {"error":"Not Found"}
[overfast] Network failure Error [TimeoutError]: The operation was aborted due to timeout
    at async l (C:\Users\Windows\Desktop\overatlas\.next\server\chunks\[root-of-the-server]__0kr1j2o._.js:1:4782) {
  code: 23,
  INDEX_SIZE_ERR: 1,
  DOMSTRING_SIZE_ERR: 2,
  HIERARCHY_REQUEST_ERR: 3,
  WRONG_DOCUMENT_ERR: 4,
  INVALID_CHARACTER_ERR: 5,
  NO_DATA_ALLOWED_ERR: 6,
  NO_MODIFICATION_ALLOWED_ERR: 7,
  NOT_FOUND_ERR: 8,
  NOT_SUPPORTED_ERR: 9,
  INUSE_ATTRIBUTE_ERR: 10,
  INVALID_STATE_ERR: 11,
  SYNTAX_ERR: 12,
  INVALID_MODIFICATION_ERR: 13,
  NAMESPACE_ERR: 14,
  INVALID_ACCESS_ERR: 15,
  VALIDATION_ERR: 16,
  TYPE_MISMATCH_ERR: 17,
  SECURITY_ERR: 18,
  NETWORK_ERR: 19,
  ABORT_ERR: 20,
  URL_MISMATCH_ERR: 21,
  QUOTA_EXCEEDED_ERR: 22,
  TIMEOUT_ERR: 23,
  INVALID_NODE_TYPE_ERR: 24,
  DATA_CLONE_ERR: 25
}
